Performing C SOURCE FILE Test CMAKE_HAVE_LIBC_PTHREAD failed with the following output:
Change Dir: /home/pi/drone_camera/build/CMakeFiles/CMakeTmp

Run Build Command(s):/usr/bin/make cmTC_ca7b6/fast && /usr/bin/make -f CMakeFiles/cmTC_ca7b6.dir/build.make CMakeFiles/cmTC_ca7b6.dir/build
make[1]: Entering directory '/home/pi/drone_camera/build/CMakeFiles/CMakeTmp'
Building C object CMakeFiles/cmTC_ca7b6.dir/src.c.o
/bin/gcc-8   -DCMAKE_HAVE_LIBC_PTHREAD   -o CMakeFiles/cmTC_ca7b6.dir/src.c.o   -c /home/pi/drone_camera/build/CMakeFiles/CMakeTmp/src.c
Linking C executable cmTC_ca7b6
/usr/bin/cmake -E cmake_link_script CMakeFiles/cmTC_ca7b6.dir/link.txt --verbose=1
/bin/gcc-8  -DCMAKE_HAVE_LIBC_PTHREAD    -rdynamic CMakeFiles/cmTC_ca7b6.dir/src.c.o  -o cmTC_ca7b6 
/usr/bin/ld: CMakeFiles/cmTC_ca7b6.dir/src.c.o: in function `main':
src.c:(.text+0x40): undefined reference to `pthread_create'
/usr/bin/ld: src.c:(.text+0x4c): undefined reference to `pthread_detach'
/usr/bin/ld: src.c:(.text+0x5c): undefined reference to `pthread_join'
collect2: error: ld returned 1 exit status
make[1]: *** [CMakeFiles/cmTC_ca7b6.dir/build.make:87: cmTC_ca7b6] Error 1
make[1]: Leaving directory '/home/pi/drone_camera/build/CMakeFiles/CMakeTmp'
make: *** [Makefile:121: cmTC_ca7b6/fast] Error 2


Source file was:
#include <pthread.h>

void* test_func(void* data)
{
  return data;
}

int main(void)
{
  pthread_t thread;
  pthread_create(&thread, NULL, test_func, NULL);
  pthread_detach(thread);
  pthread_join(thread, NULL);
  pthread_atfork(NULL, NULL, NULL);
  pthread_exit(NULL);

  return 0;
}

Determining if the function pthread_create exists in the pthreads failed with the following output:
Change Dir: /home/pi/drone_camera/build/CMakeFiles/CMakeTmp

Run Build Command(s):/usr/bin/make cmTC_0ff68/fast && /usr/bin/make -f CMakeFiles/cmTC_0ff68.dir/build.make CMakeFiles/cmTC_0ff68.dir/build
make[1]: Entering directory '/home/pi/drone_camera/build/CMakeFiles/CMakeTmp'
Building C object CMakeFiles/cmTC_0ff68.dir/CheckFunctionExists.c.o
/bin/gcc-8   -DCHECK_FUNCTION_EXISTS=pthread_create   -o CMakeFiles/cmTC_0ff68.dir/CheckFunctionExists.c.o   -c /usr/share/cmake-3.16/Modules/CheckFunctionExists.c
Linking C executable cmTC_0ff68
/usr/bin/cmake -E cmake_link_script CMakeFiles/cmTC_0ff68.dir/link.txt --verbose=1
/bin/gcc-8  -DCHECK_FUNCTION_EXISTS=pthread_create    -rdynamic CMakeFiles/cmTC_0ff68.dir/CheckFunctionExists.c.o  -o cmTC_0ff68  -lpthreads 
/usr/bin/ld: cannot find -lpthreads
collect2: error: ld returned 1 exit status
make[1]: *** [CMakeFiles/cmTC_0ff68.dir/build.make:87: cmTC_0ff68] Error 1
make[1]: Leaving directory '/home/pi/drone_camera/build/CMakeFiles/CMakeTmp'
make: *** [Makefile:121: cmTC_0ff68/fast] Error 2



Performing C SOURCE FILE Test CMAKE_HAVE_LIBC_PTHREAD failed with the following output:
Change Dir: /home/pi/drone_camera/build/CMakeFiles/CMakeTmp

Run Build Command(s):/usr/bin/ninja cmTC_ab5a0 && [1/2] Building C object CMakeFiles/cmTC_ab5a0.dir/src.c.o
[2/2] Linking C executable cmTC_ab5a0
FAILED: cmTC_ab5a0 
: && /bin/gcc-8 -DCMAKE_HAVE_LIBC_PTHREAD  -rdynamic CMakeFiles/cmTC_ab5a0.dir/src.c.o  -o cmTC_ab5a0   && :
/usr/bin/ld: CMakeFiles/cmTC_ab5a0.dir/src.c.o: in function `main':
src.c:(.text+0x40): undefined reference to `pthread_create'
/usr/bin/ld: src.c:(.text+0x4c): undefined reference to `pthread_detach'
/usr/bin/ld: src.c:(.text+0x5c): undefined reference to `pthread_join'
collect2: error: ld returned 1 exit status
ninja: build stopped: subcommand failed.


Source file was:
#include <pthread.h>

void* test_func(void* data)
{
  return data;
}

int main(void)
{
  pthread_t thread;
  pthread_create(&thread, NULL, test_func, NULL);
  pthread_detach(thread);
  pthread_join(thread, NULL);
  pthread_atfork(NULL, NULL, NULL);
  pthread_exit(NULL);

  return 0;
}

Determining if the function pthread_create exists in the pthreads failed with the following output:
Change Dir: /home/pi/drone_camera/build/CMakeFiles/CMakeTmp

Run Build Command(s):/usr/bin/ninja cmTC_4dfc1 && [1/2] Building C object CMakeFiles/cmTC_4dfc1.dir/CheckFunctionExists.c.o
[2/2] Linking C executable cmTC_4dfc1
FAILED: cmTC_4dfc1 
: && /bin/gcc-8 -DCHECK_FUNCTION_EXISTS=pthread_create  -rdynamic CMakeFiles/cmTC_4dfc1.dir/CheckFunctionExists.c.o  -o cmTC_4dfc1  -lpthreads && :
/usr/bin/ld: cannot find -lpthreads
collect2: error: ld returned 1 exit status
ninja: build stopped: subcommand failed.



